#
# A fatal error has been detected by the Java Runtime Environment:
#
#  SIGSEGV (0xb) at pc=0x000000010c24c594, pid=23215, tid=0x0000000000004407
#
# JRE version: Java(TM) SE Runtime Environment (8.0_101-b13) (build 1.8.0_101-b13)
# Java VM: Java HotSpot(TM) 64-Bit Server VM (25.101-b13 mixed mode bsd-amd64 compressed oops)
# Problematic frame:
# V  [libjvm.dylib+0x44c594]  Method::checked_resolve_jmethod_id(_jmethodID*)+0xe
#
# Failed to write core dump. Core dumps have been disabled. To enable core dumping, try "ulimit -c unlimited" before starting Java again
#
# If you would like to submit a bug report, please visit:
#   http://bugreport.java.com/bugreport/crash.jsp
#

---------------  T H R E A D  ---------------

Current thread (0x00007fbcf1802800):  JavaThread "JDWP Transport Listener: dt_socket" daemon [_thread_in_vm, id=17415, stack(0x000070000220a000,0x000070000230a000)]

siginfo: si_signo: 11 (SIGSEGV), si_code: 0 (unknown), si_addr: 0x0000000000000000

Registers:
RAX=0x0000000000000001, RBX=0x0000700002309a8b, RCX=0x000000010c61f360, RDX=0x0000700002309a8b
RSP=0x00007000023099d0, RBP=0x00007000023099e0, RSI=0x00007fbcf1802800, RDI=0x8000000000000000
R8 =0x0000000000000000, R9 =0x00007fbcf2040990, R10=0x000007fbcf2040e9, R11=0x0000000000000001
R12=0x00007fbcf1802800, R13=0x8000000000000000, R14=0x8000000000000000, R15=0x00007fbcefd100b0
RIP=0x000000010c24c594, EFLAGS=0x0000000000010286, ERR=0x0000000000000000
  TRAPNO=0x000000000000000d

Top of Stack: (sp=0x00007000023099d0)
0x00007000023099d0:   0000700002309a8b 0000700002309a8b
0x00007000023099e0:   0000700002309a40 000000010c1580d2
0x00007000023099f0:   00007fbcf1802800 0000000000000000
0x0000700002309a00:   0000000000000000 0000000000000000
0x0000700002309a10:   00007fbcf1802800 00007fbcf1802800
0x0000700002309a20:   0000700002309a8b 0000700002309a90
0x0000700002309a30:   8000000000000000 0000000000000001
0x0000700002309a40:   0000700002309a60 000000010ad69780
0x0000700002309a50:   0000000000000001 0000700002309b08
0x0000700002309a60:   0000700002309ad0 000000010ad4e1f3
0x0000700002309a70:   0000700002309aa0 00007fbcf2040210
0x0000700002309a80:   0000000300000032 0000000100309b08
0x0000700002309a90:   0000000000000000 0000000000000000
0x0000700002309aa0:   0000000000000000 0000700002309c90
0x0000700002309ab0:   000000010ad70e7a 00007fbcefc3ddf0
0x0000700002309ac0:   0000700002309b08 000000010ad7c598
0x0000700002309ad0:   0000700002309ae0 000000010ad4e2ec
0x0000700002309ae0:   0000700002309d00 000000010ad57898
0x0000700002309af0:   000115d300000013 00000000000f0200
0x0000700002309b00:   00007fbcefcc05c0 0000700002309b7d
0x0000700002309b10:   0000000000000107 0000700002309b20
0x0000700002309b20:   0000010000000025 0000700002309b58
0x0000700002309b30:   0000000000000000 00007f0000000000
0x0000700002309b40:   000115d30000001c 00007fbc0000f980
0x0000700002309b50:   0000700002309b58 bc7f000003000000
0x0000700002309b60:   06000000f08ac2ef 00003e74696e693c
0x0000700002309b70:   0000005629280300 70732f0100000000
0x0000700002309b80:   2f6c71732f6b7261 7473796c61746163
0x0000700002309b90:   4f2f73656572742f 00003b6e69676972
0x0000700002309ba0:   0000120000000000 0000620000000000
0x0000700002309bb0:   6961746e6f630d00 00646c696843736e
0x0000700002309bc0:   6c6163734c200000 63656c6c6f632f61 

Instructions: (pc=0x000000010c24c594)
0x000000010c24c574:   40 48 48 85 c0 75 e0 30 c0 0f b6 c0 5d c3 31 c0
0x000000010c24c584:   5d c3 55 48 89 e5 53 48 83 ec 08 48 85 ff 74 24
0x000000010c24c594:   48 8b 1f 48 85 db 74 1c 48 83 fb 37 74 16 48 8b
0x000000010c24c5a4:   03 48 89 df ff 50 10 84 c0 b8 00 00 00 00 48 0f 

Register to memory mapping:

RAX=0x0000000000000001 is an unknown value
RBX=0x0000700002309a8b is pointing into the stack for thread: 0x00007fbcf1802800
RCX=0x000000010c61f360: UseMembar+0 in /Library/Java/JavaVirtualMachines/jdk1.8.0_101.jdk/Contents/Home/jre/lib/server/libjvm.dylib at 0x000000010be00000
RDX=0x0000700002309a8b is pointing into the stack for thread: 0x00007fbcf1802800
RSP=0x00007000023099d0 is pointing into the stack for thread: 0x00007fbcf1802800
RBP=0x00007000023099e0 is pointing into the stack for thread: 0x00007fbcf1802800
RSI=0x00007fbcf1802800 is a thread
RDI=0x8000000000000000 is an unknown value
R8 =0x0000000000000000 is an unknown value
R9 =0x00007fbcf2040990 is an unknown value
R10=0x000007fbcf2040e9 is an unknown value
R11=0x0000000000000001 is an unknown value
R12=0x00007fbcf1802800 is a thread
R13=0x8000000000000000 is an unknown value
R14=0x8000000000000000 is an unknown value
R15=0x00007fbcefd100b0 is an unknown value


Stack: [0x000070000220a000,0x000070000230a000],  sp=0x00007000023099d0,  free space=1022k
Native frames: (J=compiled Java code, j=interpreted, Vv=VM code, C=native code)
V  [libjvm.dylib+0x44c594]  Method::checked_resolve_jmethod_id(_jmethodID*)+0xe
V  [libjvm.dylib+0x3580d2]  jvmti_IsMethodSynthetic+0xb2
C  [libjdwp.dylib+0x20780]  isMethodSynthetic+0x63
C  [libjdwp.dylib+0x51f3]  methods1+0x10b
C  [libjdwp.dylib+0x52ec]  methodsWithGeneric+0xe
C  [libjdwp.dylib+0xe898]  debugLoop_run+0x1ce
C  [libjdwp.dylib+0x1f6ba]  attachThread+0x4d
V  [libjvm.dylib+0x399438]  JvmtiAgentThread::call_start_function()+0x38
V  [libjvm.dylib+0x5695ab]  JavaThread::thread_main_inner()+0x9b
V  [libjvm.dylib+0x56ac98]  JavaThread::run()+0x1c2
V  [libjvm.dylib+0x48933a]  java_start(Thread*)+0xf6
C  [libsystem_pthread.dylib+0x3661]  _pthread_body+0x154
C  [libsystem_pthread.dylib+0x350d]  _pthread_body+0x0
C  [libsystem_pthread.dylib+0x2bf9]  thread_start+0xd
C  0x0000000000000000


---------------  P R O C E S S  ---------------

Java Threads: ( => current thread )
  0x00007fbcf6cb6800 JavaThread "task-result-getter-0" daemon [_thread_blocked, id=3847, stack(0x0000700004d8b000,0x0000700004e8b000)]
  0x00007fbcf28cc800 JavaThread "SparkListenerBus" daemon [_thread_blocked, id=29955, stack(0x0000700004c88000,0x0000700004d88000)]
  0x00007fbcf10c4000 JavaThread "context-cleaner-periodic-gc" daemon [_thread_blocked, id=32771, stack(0x0000700004b85000,0x0000700004c85000)]
  0x00007fbcf28f1000 JavaThread "Spark Context Cleaner" daemon [_thread_blocked, id=29699, stack(0x0000700004a82000,0x0000700004b82000)]
  0x00007fbcf0cb0800 JavaThread "shuffle-server-5-1" daemon [_thread_in_native, id=33539, stack(0x000070000497f000,0x0000700004a7f000)]
  0x00007fbcf006a000 JavaThread "driver-heartbeater" daemon [_thread_blocked, id=34051, stack(0x000070000487c000,0x000070000497c000)]
  0x00007fbcf006b000 JavaThread "dag-scheduler-event-loop" daemon [_thread_blocked, id=29443, stack(0x0000700004779000,0x0000700004879000)]
  0x00007fbcf403b000 JavaThread "netty-rpc-env-timeout" daemon [_thread_blocked, id=34819, stack(0x0000700004676000,0x0000700004776000)]
  0x00007fbcf40e4800 JavaThread "Timer-0" daemon [_thread_blocked, id=29187, stack(0x0000700004573000,0x0000700004673000)]
  0x00007fbcf28af800 JavaThread "heartbeat-receiver-event-loop-thread" daemon [_thread_blocked, id=28931, stack(0x0000700004470000,0x0000700004570000)]
  0x00007fbcf0ca0000 JavaThread "SparkUI-56" daemon [_thread_blocked, id=35587, stack(0x000070000436d000,0x000070000446d000)]
  0x00007fbcf3320000 JavaThread "SparkUI-55" daemon [_thread_blocked, id=36099, stack(0x000070000426a000,0x000070000436a000)]
  0x00007fbcf1cb9800 JavaThread "SparkUI-54" daemon [_thread_blocked, id=36611, stack(0x0000700004167000,0x0000700004267000)]
  0x00007fbcf1d3a000 JavaThread "SparkUI-53-acceptor-0@4e416a95-Spark@40868d2d{HTTP/1.1}{0.0.0.0:4040}" daemon [_thread_in_native, id=28163, stack(0x0000700004064000,0x0000700004164000)]
  0x00007fbcf10c8800 JavaThread "SparkUI-52-selector-ServerConnectorManager@6ff93891/3" daemon [_thread_in_native, id=37123, stack(0x0000700003f61000,0x0000700004061000)]
  0x00007fbcf0c9a800 JavaThread "SparkUI-51-selector-ServerConnectorManager@6ff93891/2" daemon [_thread_in_native, id=37379, stack(0x0000700003e5e000,0x0000700003f5e000)]
  0x00007fbcf0c99800 JavaThread "SparkUI-50-selector-ServerConnectorManager@6ff93891/1" daemon [_thread_in_native, id=37891, stack(0x0000700003d5b000,0x0000700003e5b000)]
  0x00007fbcf0c99000 JavaThread "SparkUI-49-selector-ServerConnectorManager@6ff93891/0" daemon [_thread_in_native, id=27655, stack(0x0000700003c58000,0x0000700003d58000)]
  0x00007fbcf0c54800 JavaThread "map-output-dispatcher-7" daemon [_thread_blocked, id=38403, stack(0x0000700003b55000,0x0000700003c55000)]
  0x00007fbcf3373000 JavaThread "map-output-dispatcher-6" daemon [_thread_blocked, id=38659, stack(0x0000700003a52000,0x0000700003b52000)]
  0x00007fbcf035f000 JavaThread "map-output-dispatcher-5" daemon [_thread_blocked, id=39171, stack(0x000070000394f000,0x0000700003a4f000)]
  0x00007fbcf28b3800 JavaThread "map-output-dispatcher-4" daemon [_thread_blocked, id=26883, stack(0x000070000384c000,0x000070000394c000)]
  0x00007fbcf1d37000 JavaThread "map-output-dispatcher-3" daemon [_thread_blocked, id=39683, stack(0x0000700003749000,0x0000700003849000)]
  0x00007fbcf1d36800 JavaThread "map-output-dispatcher-2" daemon [_thread_blocked, id=26371, stack(0x0000700003646000,0x0000700003746000)]
  0x00007fbcf1d35800 JavaThread "map-output-dispatcher-1" daemon [_thread_blocked, id=40451, stack(0x0000700003543000,0x0000700003643000)]
  0x00007fbcf1c48800 JavaThread "map-output-dispatcher-0" daemon [_thread_blocked, id=26115, stack(0x0000700003440000,0x0000700003540000)]
  0x00007fbcf0c4c000 JavaThread "rpc-server-3-1" daemon [_thread_in_native, id=25603, stack(0x000070000333d000,0x000070000343d000)]
  0x00007fbcf02fd000 JavaThread "dispatcher-event-loop-7" daemon [_thread_blocked, id=25347, stack(0x000070000323a000,0x000070000333a000)]
  0x00007fbcf324c800 JavaThread "dispatcher-event-loop-6" daemon [_thread_blocked, id=24835, stack(0x0000700003137000,0x0000700003237000)]
  0x00007fbcf0b16800 JavaThread "dispatcher-event-loop-5" daemon [_thread_blocked, id=24579, stack(0x0000700003034000,0x0000700003134000)]
  0x00007fbcf380b800 JavaThread "dispatcher-event-loop-4" daemon [_thread_blocked, id=24067, stack(0x0000700002f31000,0x0000700003031000)]
  0x00007fbcf10c7800 JavaThread "dispatcher-event-loop-3" daemon [_thread_blocked, id=23811, stack(0x0000700002e2e000,0x0000700002f2e000)]
  0x00007fbcf3878000 JavaThread "dispatcher-event-loop-2" daemon [_thread_blocked, id=23299, stack(0x0000700002d2b000,0x0000700002e2b000)]
  0x00007fbcf0b16000 JavaThread "dispatcher-event-loop-1" daemon [_thread_blocked, id=23043, stack(0x0000700002c28000,0x0000700002d28000)]
  0x00007fbcf0b5d800 JavaThread "dispatcher-event-loop-0" daemon [_thread_blocked, id=41991, stack(0x0000700002b25000,0x0000700002c25000)]
  0x00007fbcf0033800 JavaThread "Service Thread" daemon [_thread_blocked, id=22019, stack(0x000070000291f000,0x0000700002a1f000)]
  0x00007fbcf280a800 JavaThread "C1 CompilerThread3" daemon [_thread_blocked, id=43267, stack(0x000070000281c000,0x000070000291c000)]
  0x00007fbcf4000000 JavaThread "C2 CompilerThread2" daemon [_thread_blocked, id=15875, stack(0x0000700002719000,0x0000700002819000)]
  0x00007fbcf082d000 JavaThread "C2 CompilerThread1" daemon [_thread_blocked, id=16387, stack(0x0000700002616000,0x0000700002716000)]
  0x00007fbcf083b800 JavaThread "C2 CompilerThread0" daemon [_thread_blocked, id=15363, stack(0x0000700002513000,0x0000700002613000)]
  0x00007fbcf3006000 JavaThread "JDWP Command Reader" daemon [_thread_in_native, id=15107, stack(0x0000700002410000,0x0000700002510000)]
  0x00007fbcf182b000 JavaThread "JDWP Event Helper Thread" daemon [_thread_blocked, id=17155, stack(0x000070000230d000,0x000070000240d000)]
=>0x00007fbcf1802800 JavaThread "JDWP Transport Listener: dt_socket" daemon [_thread_in_vm, id=17415, stack(0x000070000220a000,0x000070000230a000)]
  0x00007fbcf002e800 JavaThread "Signal Dispatcher" daemon [_thread_blocked, id=14603, stack(0x0000700002107000,0x0000700002207000)]
  0x00007fbcf002e000 JavaThread "Finalizer" daemon [_thread_blocked, id=18947, stack(0x0000700002004000,0x0000700002104000)]
  0x00007fbcf002b000 JavaThread "Reference Handler" daemon [_thread_blocked, id=19459, stack(0x0000700001f01000,0x0000700002001000)]
  0x00007fbcf2801800 JavaThread "main" [_thread_blocked, id=6915, stack(0x00007000014e3000,0x00007000015e3000)]

Other Threads:
  0x00007fbcf0026800 VMThread [stack: 0x0000700001dfe000,0x0000700001efe000] [id=12291]
  0x00007fbcf1012000 WatcherThread [stack: 0x0000700002a22000,0x0000700002b22000] [id=22275]

VM state:not at safepoint (normal execution)

VM Mutex/Monitor currently owned by a thread: None

Heap:
 PSYoungGen      total 141312K, used 72075K [0x000000076ab00000, 0x0000000777700000, 0x00000007c0000000)
  eden space 131072K, 47% used [0x000000076ab00000,0x000000076e76a1c8,0x0000000772b00000)
  from space 10240K, 99% used [0x0000000772b00000,0x00000007734f8c48,0x0000000773500000)
  to   space 12800K, 0% used [0x0000000776a80000,0x0000000776a80000,0x0000000777700000)
 ParOldGen       total 158208K, used 12748K [0x00000006c0000000, 0x00000006c9a80000, 0x000000076ab00000)
  object space 158208K, 8% used [0x00000006c0000000,0x00000006c0c73140,0x00000006c9a80000)
 Metaspace       used 57574K, capacity 57918K, committed 57984K, reserved 1099776K
  class space    used 8467K, capacity 8561K, committed 8576K, reserved 1048576K

Card table byte_map: [0x000000010d15d000,0x000000010d95e000] byte_map_base: 0x0000000109b5d000

Marking Bits: (ParMarkBitMap*) 0x000000010c6edd20
 Begin Bits: [0x000000010deb4000, 0x0000000111eb4000)
 End Bits:   [0x0000000111eb4000, 0x0000000115eb4000)

Polling page: 0x000000010ad48000

CodeCache: size=245760Kb used=7895Kb max_used=8295Kb free=237864Kb
 bounds [0x0000000118e4e000, 0x000000011967e000, 0x0000000127e4e000]
 total_blobs=3184 nmethods=2636 adapters=469
 compilation: enabled

Compilation events (10 events):
Event: 371.128 Thread 0x00007fbcf280a800 3033       3       scala.concurrent.impl.ExecutionContextImpl$$anon$1::execute (11 bytes)
Event: 371.128 Thread 0x00007fbcf280a800 nmethod 3033 0x0000000119506850 code [0x00000001195069c0, 0x0000000119506c88]
Event: 381.126 Thread 0x00007fbcf280a800 3034       3       java.util.concurrent.locks.AbstractQueuedSynchronizer$ConditionObject::checkInterruptWhileWaiting (27 bytes)
Event: 381.127 Thread 0x00007fbcf280a800 nmethod 3034 0x0000000119505d90 code [0x0000000119505f60, 0x00000001195065d8]
Event: 391.125 Thread 0x00007fbcf280a800 3035       3       java.util.concurrent.ThreadPoolExecutor::isShutdown (19 bytes)
Event: 391.125 Thread 0x00007fbcf280a800 nmethod 3035 0x0000000119505810 code [0x0000000119505980, 0x0000000119505c90]
Event: 391.125 Thread 0x00007fbcf280a800 3036       3       java.util.concurrent.TimeUnit$4::toNanos (11 bytes)
Event: 391.126 Thread 0x00007fbcf280a800 nmethod 3036 0x0000000119505350 code [0x00000001195054c0, 0x0000000119505730]
Event: 411.125 Thread 0x00007fbcf280a800 3037       3       java.util.concurrent.locks.AbstractQueuedSynchronizer$ConditionObject::doSignal (43 bytes)
Event: 411.125 Thread 0x00007fbcf280a800 nmethod 3037 0x0000000119504cd0 code [0x0000000119504e60, 0x0000000119505208]

GC Heap History (10 events):
Event: 4.992 GC heap before
{Heap before GC invocations=5 (full 1):
 PSYoungGen      total 76288K, used 74110K [0x000000076ab00000, 0x0000000771e80000, 0x00000007c0000000)
  eden space 65536K, 100% used [0x000000076ab00000,0x000000076eb00000,0x000000076eb00000)
  from space 10752K, 79% used [0x000000076eb00000,0x000000076f35f9e8,0x000000076f580000)
  to   space 10752K, 0% used [0x0000000771400000,0x0000000771400000,0x0000000771e80000)
 ParOldGen       total 105984K, used 7467K [0x00000006c0000000, 0x00000006c6780000, 0x000000076ab00000)
  object space 105984K, 7% used [0x00000006c0000000,0x00000006c074add0,0x00000006c6780000)
 Metaspace       used 33009K, capacity 33132K, committed 33280K, reserved 1077248K
  class space    used 4556K, capacity 4596K, committed 4608K, reserved 1048576K
Event: 4.999 GC heap after
Heap after GC invocations=5 (full 1):
 PSYoungGen      total 100864K, used 7546K [0x000000076ab00000, 0x0000000771b80000, 0x00000007c0000000)
  eden space 93184K, 0% used [0x000000076ab00000,0x000000076ab00000,0x0000000770600000)
  from space 7680K, 98% used [0x0000000771400000,0x0000000771b5eb98,0x0000000771b80000)
  to   space 10752K, 0% used [0x0000000770680000,0x0000000770680000,0x0000000771100000)
 ParOldGen       total 105984K, used 7475K [0x00000006c0000000, 0x00000006c6780000, 0x000000076ab00000)
  object space 105984K, 7% used [0x00000006c0000000,0x00000006c074cdd0,0x00000006c6780000)
 Metaspace       used 33009K, capacity 33132K, committed 33280K, reserved 1077248K
  class space    used 4556K, capacity 4596K, committed 4608K, reserved 1048576K
}
Event: 5.726 GC heap before
{Heap before GC invocations=6 (full 1):
 PSYoungGen      total 100864K, used 32101K [0x000000076ab00000, 0x0000000771b80000, 0x00000007c0000000)
  eden space 93184K, 26% used [0x000000076ab00000,0x000000076c2fa8d8,0x0000000770600000)
  from space 7680K, 98% used [0x0000000771400000,0x0000000771b5eb98,0x0000000771b80000)
  to   space 10752K, 0% used [0x0000000770680000,0x0000000770680000,0x0000000771100000)
 ParOldGen       total 105984K, used 7475K [0x00000006c0000000, 0x00000006c6780000, 0x000000076ab00000)
  object space 105984K, 7% used [0x00000006c0000000,0x00000006c074cdd0,0x00000006c6780000)
 Metaspace       used 35049K, capacity 35186K, committed 35456K, reserved 1079296K
  class space    used 4852K, capacity 4917K, committed 4992K, reserved 1048576K
Event: 5.731 GC heap after
Heap after GC invocations=6 (full 1):
 PSYoungGen      total 104448K, used 6349K [0x000000076ab00000, 0x0000000773f00000, 0x00000007c0000000)
  eden space 93696K, 0% used [0x000000076ab00000,0x000000076ab00000,0x0000000770680000)
  from space 10752K, 59% used [0x0000000770680000,0x0000000770cb3748,0x0000000771100000)
  to   space 10240K, 0% used [0x0000000773500000,0x0000000773500000,0x0000000773f00000)
 ParOldGen       total 105984K, used 7475K [0x00000006c0000000, 0x00000006c6780000, 0x000000076ab00000)
  object space 105984K, 7% used [0x00000006c0000000,0x00000006c074cdd0,0x00000006c6780000)
 Metaspace       used 35049K, capacity 35186K, committed 35456K, reserved 1079296K
  class space    used 4852K, capacity 4917K, committed 4992K, reserved 1048576K
}
Event: 5.731 GC heap before
{Heap before GC invocations=7 (full 2):
 PSYoungGen      total 104448K, used 6349K [0x000000076ab00000, 0x0000000773f00000, 0x00000007c0000000)
  eden space 93696K, 0% used [0x000000076ab00000,0x000000076ab00000,0x0000000770680000)
  from space 10752K, 59% used [0x0000000770680000,0x0000000770cb3748,0x0000000771100000)
  to   space 10240K, 0% used [0x0000000773500000,0x0000000773500000,0x0000000773f00000)
 ParOldGen       total 105984K, used 7475K [0x00000006c0000000, 0x00000006c6780000, 0x000000076ab00000)
  object space 105984K, 7% used [0x00000006c0000000,0x00000006c074cdd0,0x00000006c6780000)
 Metaspace       used 35049K, capacity 35186K, committed 35456K, reserved 1079296K
  class space    used 4852K, capacity 4917K, committed 4992K, reserved 1048576K
Event: 5.750 GC heap after
Heap after GC invocations=7 (full 2):
 PSYoungGen      total 104448K, used 0K [0x000000076ab00000, 0x0000000773f00000, 0x00000007c0000000)
  eden space 93696K, 0% used [0x000000076ab00000,0x000000076ab00000,0x0000000770680000)
  from space 10752K, 0% used [0x0000000770680000,0x0000000770680000,0x0000000771100000)
  to   space 10240K, 0% used [0x0000000773500000,0x0000000773500000,0x0000000773f00000)
 ParOldGen       total 158208K, used 9560K [0x00000006c0000000, 0x00000006c9a80000, 0x000000076ab00000)
  object space 158208K, 6% used [0x00000006c0000000,0x00000006c0956098,0x00000006c9a80000)
 Metaspace       used 35049K, capacity 35186K, committed 35456K, reserved 1079296K
  class space    used 4852K, capacity 4917K, committed 4992K, reserved 1048576K
}
Event: 8.452 GC heap before
{Heap before GC invocations=8 (full 2):
 PSYoungGen      total 104448K, used 93696K [0x000000076ab00000, 0x0000000773f00000, 0x00000007c0000000)
  eden space 93696K, 100% used [0x000000076ab00000,0x0000000770680000,0x0000000770680000)
  from space 10752K, 0% used [0x0000000770680000,0x0000000770680000,0x0000000771100000)
  to   space 10240K, 0% used [0x0000000773500000,0x0000000773500000,0x0000000773f00000)
 ParOldGen       total 158208K, used 9560K [0x00000006c0000000, 0x00000006c9a80000, 0x000000076ab00000)
  object space 158208K, 6% used [0x00000006c0000000,0x00000006c0956098,0x00000006c9a80000)
 Metaspace       used 42629K, capacity 42770K, committed 43136K, reserved 1085440K
  class space    used 6102K, capacity 6165K, committed 6272K, reserved 1048576K
Event: 8.459 GC heap after
Heap after GC invocations=8 (full 2):
 PSYoungGen      total 141312K, used 7850K [0x000000076ab00000, 0x0000000774380000, 0x00000007c0000000)
  eden space 131072K, 0% used [0x000000076ab00000,0x000000076ab00000,0x0000000772b00000)
  from space 10240K, 76% used [0x0000000773500000,0x0000000773caa938,0x0000000773f00000)
  to   space 10240K, 0% used [0x0000000772b00000,0x0000000772b00000,0x0000000773500000)
 ParOldGen       total 158208K, used 9560K [0x00000006c0000000, 0x00000006c9a80000, 0x000000076ab00000)
  object space 158208K, 6% used [0x00000006c0000000,0x00000006c0956098,0x00000006c9a80000)
 Metaspace       used 42629K, capacity 42770K, committed 43136K, reserved 1085440K
  class space    used 6102K, capacity 6165K, committed 6272K, reserved 1048576K
}
Event: 16.134 GC heap before
{Heap before GC invocations=9 (full 2):
 PSYoungGen      total 141312K, used 138922K [0x000000076ab00000, 0x0000000774380000, 0x00000007c0000000)
  eden space 131072K, 100% used [0x000000076ab00000,0x0000000772b00000,0x0000000772b00000)
  from space 10240K, 76% used [0x0000000773500000,0x0000000773caa938,0x0000000773f00000)
  to   space 10240K, 0% used [0x0000000772b00000,0x0000000772b00000,0x0000000773500000)
 ParOldGen       total 158208K, used 9560K [0x00000006c0000000, 0x00000006c9a80000, 0x000000076ab00000)
  object space 158208K, 6% used [0x00000006c0000000,0x00000006c0956098,0x00000006c9a80000)
 Metaspace       used 51645K, capacity 51842K, committed 52224K, reserved 1093632K
  class space    used 7504K, capacity 7588K, committed 7680K, reserved 1048576K
Event: 16.147 GC heap after
Heap after GC invocations=9 (full 2):
 PSYoungGen      total 141312K, used 10211K [0x000000076ab00000, 0x0000000777700000, 0x00000007c0000000)
  eden space 131072K, 0% used [0x000000076ab00000,0x000000076ab00000,0x0000000772b00000)
  from space 10240K, 99% used [0x0000000772b00000,0x00000007734f8c48,0x0000000773500000)
  to   space 12800K, 0% used [0x0000000776a80000,0x0000000776a80000,0x0000000777700000)
 ParOldGen       total 158208K, used 12748K [0x00000006c0000000, 0x00000006c9a80000, 0x000000076ab00000)
  object space 158208K, 8% used [0x00000006c0000000,0x00000006c0c73140,0x00000006c9a80000)
 Metaspace       used 51645K, capacity 51842K, committed 52224K, reserved 1093632K
  class space    used 7504K, capacity 7588K, committed 7680K, reserved 1048576K
}

Deoptimization events (10 events):
Event: 21.134 Thread 0x00007fbcf3878000 Uncommon trap: reason=unhandled action=none pc=0x0000000119337d5c method=java.net.URLClassLoader.findClass(Ljava/lang/String;)Ljava/lang/Class; @ 44
Event: 21.134 Thread 0x00007fbcf3878000 Uncommon trap: reason=unhandled action=none pc=0x0000000119337d5c method=java.net.URLClassLoader.findClass(Ljava/lang/String;)Ljava/lang/Class; @ 44
Event: 21.134 Thread 0x00007fbcf3878000 Uncommon trap: reason=unhandled action=none pc=0x0000000119337d5c method=java.net.URLClassLoader.findClass(Ljava/lang/String;)Ljava/lang/Class; @ 44
Event: 21.135 Thread 0x00007fbcf3878000 Uncommon trap: reason=unhandled action=none pc=0x0000000119337d5c method=java.net.URLClassLoader.findClass(Ljava/lang/String;)Ljava/lang/Class; @ 44
Event: 21.135 Thread 0x00007fbcf3878000 Uncommon trap: reason=unhandled action=none pc=0x0000000119337d5c method=java.net.URLClassLoader.findClass(Ljava/lang/String;)Ljava/lang/Class; @ 44
Event: 21.135 Thread 0x00007fbcf3878000 Uncommon trap: reason=unhandled action=none pc=0x0000000119337d5c method=java.net.URLClassLoader.findClass(Ljava/lang/String;)Ljava/lang/Class; @ 44
Event: 21.135 Thread 0x00007fbcf3878000 Uncommon trap: reason=unhandled action=none pc=0x0000000119337d5c method=java.net.URLClassLoader.findClass(Ljava/lang/String;)Ljava/lang/Class; @ 44
Event: 21.135 Thread 0x00007fbcf3878000 Uncommon trap: reason=unhandled action=none pc=0x0000000119337d5c method=java.net.URLClassLoader.findClass(Ljava/lang/String;)Ljava/lang/Class; @ 44
Event: 21.136 Thread 0x00007fbcf3878000 Uncommon trap: reason=unhandled action=none pc=0x0000000119337d5c method=java.net.URLClassLoader.findClass(Ljava/lang/String;)Ljava/lang/Class; @ 44
Event: 218.610 Thread 0x00007fbcf2801800 Uncommon trap: reason=unhandled action=none pc=0x0000000119337d5c method=java.net.URLClassLoader.findClass(Ljava/lang/String;)Ljava/lang/Class; @ 44

Internal exceptions (10 events):
Event: 16.490 Thread 0x00007fbcf324c800 Exception <a 'java/lang/NoSuchMethodError': <clinit>> (0x000000076ce4a7c0) thrown at [/HUDSON3/workspace/8-2-build-macosx-x86_64/jdk8u101/7261/hotspot/src/share/vm/prims/jni.cpp, line 1613]
Event: 16.494 Thread 0x00007fbcf324c800 Exception <a 'java/lang/NoSuchMethodError': <clinit>> (0x000000076cebe600) thrown at [/HUDSON3/workspace/8-2-build-macosx-x86_64/jdk8u101/7261/hotspot/src/share/vm/prims/jni.cpp, line 1613]
Event: 16.494 Thread 0x00007fbcf324c800 Exception <a 'java/lang/NoSuchMethodError': <clinit>> (0x000000076cec1c20) thrown at [/HUDSON3/workspace/8-2-build-macosx-x86_64/jdk8u101/7261/hotspot/src/share/vm/prims/jni.cpp, line 1613]
Event: 16.495 Thread 0x00007fbcf324c800 Exception <a 'java/lang/NoSuchMethodError': <clinit>> (0x000000076ceccc40) thrown at [/HUDSON3/workspace/8-2-build-macosx-x86_64/jdk8u101/7261/hotspot/src/share/vm/prims/jni.cpp, line 1613]
Event: 16.495 Thread 0x00007fbcf324c800 Exception <a 'java/lang/NoSuchMethodError': <clinit>> (0x000000076ced6ff0) thrown at [/HUDSON3/workspace/8-2-build-macosx-x86_64/jdk8u101/7261/hotspot/src/share/vm/prims/jni.cpp, line 1613]
Event: 16.495 Thread 0x00007fbcf324c800 Exception <a 'java/lang/NoSuchMethodError': <clinit>> (0x000000076cee0c08) thrown at [/HUDSON3/workspace/8-2-build-macosx-x86_64/jdk8u101/7261/hotspot/src/share/vm/prims/jni.cpp, line 1613]
Event: 16.561 Thread 0x00007fbcf80c4800 Implicit null exception at 0x00000001195d8efd to 0x00000001195d9245
Event: 16.561 Thread 0x00007fbcf80c4800 Implicit null exception at 0x00000001193952f4 to 0x00000001193955b9
Event: 16.561 Thread 0x00007fbcf80c4800 Implicit null exception at 0x000000011903946f to 0x00000001190394dd
Event: 16.595 Thread 0x00007fbcf80c4800 Exception <a 'java/lang/NoSuchMethodError': <clinit>> (0x000000076d912d18) thrown at [/HUDSON3/workspace/8-2-build-macosx-x86_64/jdk8u101/7261/hotspot/src/share/vm/prims/jni.cpp, line 1613]

Events (10 events):
Event: 420.788 Executing VM operation: GetCurrentLocation
Event: 420.789 Executing VM operation: GetCurrentLocation done
Event: 420.789 Executing VM operation: EnterInterpOnlyMode
Event: 420.789 Executing VM operation: EnterInterpOnlyMode done
Event: 420.789 Executing VM operation: ChangeSingleStep
Event: 420.789 Executing VM operation: ChangeSingleStep done
Event: 420.789 Executing VM operation: ChangeSingleStep
Event: 420.789 Executing VM operation: ChangeSingleStep done
Event: 420.796 Executing VM operation: RedefineClasses
Event: 420.812 Executing VM operation: RedefineClasses done


Dynamic libraries:
0x00000000235de000 	/System/Library/Frameworks/Cocoa.framework/Versions/A/Cocoa
0x00000000235de000 	/System/Library/Frameworks/Security.framework/Versions/A/Security
0x00000000235de000 	/System/Library/Frameworks/ApplicationServices.framework/Versions/A/ApplicationServices
0x00000000235de000 	/usr/lib/libz.1.dylib
0x00000000235de000 	/usr/lib/libSystem.B.dylib
0x00000000235de000 	/usr/lib/libobjc.A.dylib
0x00000000235de000 	/System/Library/Frameworks/CoreFoundation.framework/Versions/A/CoreFoundation
0x00000000235de000 	/System/Library/Frameworks/Foundation.framework/Versions/C/Foundation
0x00000000235de000 	/System/Library/Frameworks/AppKit.framework/Versions/C/AppKit
0x00000000235de000 	/System/Library/Frameworks/CoreData.framework/Versions/A/CoreData
0x00000000235de000 	/System/Library/PrivateFrameworks/RemoteViewServices.framework/Versions/A/RemoteViewServices
0x00000000235de000 	/System/Library/PrivateFrameworks/UIFoundation.framework/Versions/A/UIFoundation
0x00000000235de000 	/System/Library/PrivateFrameworks/DFRFoundation.framework/Versions/A/DFRFoundation
0x00000000235de000 	/System/Library/Frameworks/Metal.framework/Versions/A/Metal
0x00000000235de000 	/System/Library/PrivateFrameworks/DesktopServicesPriv.framework/Versions/A/DesktopServicesPriv
0x00000000235de000 	/usr/lib/libenergytrace.dylib
0x00000000235de000 	/System/Library/PrivateFrameworks/SkyLight.framework/Versions/A/SkyLight
0x00000000235de000 	/System/Library/Frameworks/CoreGraphics.framework/Versions/A/CoreGraphics
0x00000000235de000 	/usr/lib/libScreenReader.dylib
0x00000000235de000 	/System/Library/Frameworks/Accelerate.framework/Versions/A/Accelerate
0x00000000235de000 	/System/Library/Frameworks/IOSurface.framework/Versions/A/IOSurface
0x00000000235de000 	/System/Library/Frameworks/AudioToolbox.framework/Versions/A/AudioToolbox
0x00000000235de000 	/System/Library/Frameworks/AudioUnit.framework/Versions/A/AudioUnit
0x00000000235de000 	/System/Library/PrivateFrameworks/DataDetectorsCore.framework/Versions/A/DataDetectorsCore
0x00000000235de000 	/System/Library/Frameworks/Carbon.framework/Versions/A/Frameworks/HIToolbox.framework/Versions/A/HIToolbox
0x00000000235de000 	/usr/lib/libicucore.A.dylib
0x00000000235de000 	/System/Library/Frameworks/QuartzCore.framework/Versions/A/QuartzCore
0x00000000235de000 	/System/Library/PrivateFrameworks/SignpostNotification.framework/Versions/A/SignpostNotification
0x00000000235de000 	/System/Library/Frameworks/Carbon.framework/Versions/A/Frameworks/SpeechRecognition.framework/Versions/A/SpeechRecognition
0x00000000235de000 	/usr/lib/libauto.dylib
0x00000000235de000 	/usr/lib/libxml2.2.dylib
0x00000000235de000 	/System/Library/PrivateFrameworks/CoreUI.framework/Versions/A/CoreUI
0x00000000235de000 	/System/Library/Frameworks/CoreAudio.framework/Versions/A/CoreAudio
0x00000000235de000 	/System/Library/Frameworks/DiskArbitration.framework/Versions/A/DiskArbitration
0x00000000235de000 	/usr/lib/liblangid.dylib
0x00000000235de000 	/System/Library/PrivateFrameworks/MultitouchSupport.framework/Versions/A/MultitouchSupport
0x00000000235de000 	/System/Library/Frameworks/IOKit.framework/Versions/A/IOKit
0x00000000235de000 	/usr/lib/libDiagnosticMessagesClient.dylib
0x00000000235de000 	/System/Library/Frameworks/CoreServices.framework/Versions/A/CoreServices
0x00000000235de000 	/System/Library/PrivateFrameworks/PerformanceAnalysis.framework/Versions/A/PerformanceAnalysis
0x00000000235de000 	/System/Library/Frameworks/OpenGL.framework/Versions/A/OpenGL
0x00000000235de000 	/System/Library/Frameworks/ColorSync.framework/Versions/A/ColorSync
0x00000000235de000 	/System/Library/Frameworks/CoreImage.framework/Versions/A/CoreImage
0x00000000235de000 	/System/Library/Frameworks/CoreText.framework/Versions/A/CoreText
0x00000000235de000 	/System/Library/Frameworks/ImageIO.framework/Versions/A/ImageIO
0x00000000235de000 	/System/Library/PrivateFrameworks/Backup.framework/Versions/A/Backup
0x00000000235de000 	/usr/lib/libarchive.2.dylib
0x00000000235de000 	/System/Library/Frameworks/CFNetwork.framework/Versions/A/CFNetwork
0x00000000235de000 	/System/Library/Frameworks/SystemConfiguration.framework/Versions/A/SystemConfiguration
0x00000000235de000 	/usr/lib/libCRFSuite.dylib
0x00000000235de000 	/usr/lib/libc++.1.dylib
0x00000000235de000 	/usr/lib/libc++abi.dylib
0x00000000235de000 	/usr/lib/system/libcache.dylib
0x00000000235de000 	/usr/lib/system/libcommonCrypto.dylib
0x00000000235de000 	/usr/lib/system/libcompiler_rt.dylib
0x00000000235de000 	/usr/lib/system/libcopyfile.dylib
0x00000000235de000 	/usr/lib/system/libcorecrypto.dylib
0x00000000235de000 	/usr/lib/system/libdispatch.dylib
0x00000000235de000 	/usr/lib/system/libdyld.dylib
0x00000000235de000 	/usr/lib/system/libkeymgr.dylib
0x00000000235de000 	/usr/lib/system/liblaunch.dylib
0x00000000235de000 	/usr/lib/system/libmacho.dylib
0x00000000235de000 	/usr/lib/system/libquarantine.dylib
0x00000000235de000 	/usr/lib/system/libremovefile.dylib
0x00000000235de000 	/usr/lib/system/libsystem_asl.dylib
0x00000000235de000 	/usr/lib/system/libsystem_blocks.dylib
0x00000000235de000 	/usr/lib/system/libsystem_c.dylib
0x00000000235de000 	/usr/lib/system/libsystem_configuration.dylib
0x00000000235de000 	/usr/lib/system/libsystem_coreservices.dylib
0x00000000235de000 	/usr/lib/system/libsystem_darwin.dylib
0x00000000235de000 	/usr/lib/system/libsystem_dnssd.dylib
0x00000000235de000 	/usr/lib/system/libsystem_info.dylib
0x00000000235de000 	/usr/lib/system/libsystem_m.dylib
0x00000000235de000 	/usr/lib/system/libsystem_malloc.dylib
0x00000000235de000 	/usr/lib/system/libsystem_network.dylib
0x00000000235de000 	/usr/lib/system/libsystem_networkextension.dylib
0x00000000235de000 	/usr/lib/system/libsystem_notify.dylib
0x00000000235de000 	/usr/lib/system/libsystem_sandbox.dylib
0x00000000235de000 	/usr/lib/system/libsystem_secinit.dylib
0x00000000235de000 	/usr/lib/system/libsystem_kernel.dylib
0x00000000235de000 	/usr/lib/system/libsystem_platform.dylib
0x00000000235de000 	/usr/lib/system/libsystem_pthread.dylib
0x00000000235de000 	/usr/lib/system/libsystem_symptoms.dylib
0x00000000235de000 	/usr/lib/system/libsystem_trace.dylib
0x00000000235de000 	/usr/lib/system/libunwind.dylib
0x00000000235de000 	/usr/lib/system/libxpc.dylib
0x00000000235de000 	/usr/lib/closure/libclosured.dylib
0x00000000235de000 	/usr/lib/libbsm.0.dylib
0x00000000235de000 	/usr/lib/system/libkxld.dylib
0x00000000235de000 	/usr/lib/libOpenScriptingUtil.dylib
0x00000000235de000 	/usr/lib/libcoretls.dylib
0x00000000235de000 	/usr/lib/libcoretls_cfhelpers.dylib
0x00000000235de000 	/usr/lib/libpam.2.dylib
0x00000000235de000 	/usr/lib/libsqlite3.dylib
0x00000000235de000 	/usr/lib/libxar.1.dylib
0x00000000235de000 	/usr/lib/libbz2.1.0.dylib
0x00000000235de000 	/usr/lib/liblzma.5.dylib
0x00000000235de000 	/usr/lib/libnetwork.dylib
0x00000000235de000 	/usr/lib/libapple_nghttp2.dylib
0x00000000235de000 	/usr/lib/libpcap.A.dylib
0x00000000235de000 	/usr/lib/libboringssl.dylib
0x00000000235de000 	/usr/lib/libusrtcp.dylib
0x00000000235de000 	/usr/lib/libapple_crypto.dylib
0x00000000235de000 	/System/Library/Frameworks/CoreServices.framework/Versions/A/Frameworks/FSEvents.framework/Versions/A/FSEvents
0x00000000235de000 	/System/Library/Frameworks/CoreServices.framework/Versions/A/Frameworks/CarbonCore.framework/Versions/A/CarbonCore
0x00000000235de000 	/System/Library/Frameworks/CoreServices.framework/Versions/A/Frameworks/Metadata.framework/Versions/A/Metadata
0x00000000235de000 	/System/Library/Frameworks/CoreServices.framework/Versions/A/Frameworks/OSServices.framework/Versions/A/OSServices
0x00000000235de000 	/System/Library/Frameworks/CoreServices.framework/Versions/A/Frameworks/SearchKit.framework/Versions/A/SearchKit
0x00000000235de000 	/System/Library/Frameworks/CoreServices.framework/Versions/A/Frameworks/AE.framework/Versions/A/AE
0x00000000235de000 	/System/Library/Frameworks/CoreServices.framework/Versions/A/Frameworks/LaunchServices.framework/Versions/A/LaunchServices
0x00000000235de000 	/System/Library/Frameworks/CoreServices.framework/Versions/A/Frameworks/DictionaryServices.framework/Versions/A/DictionaryServices
0x00000000235de000 	/System/Library/Frameworks/CoreServices.framework/Versions/A/Frameworks/SharedFileList.framework/Versions/A/SharedFileList
0x00000000235de000 	/System/Library/Frameworks/NetFS.framework/Versions/A/NetFS
0x00000000235de000 	/System/Library/PrivateFrameworks/NetAuth.framework/Versions/A/NetAuth
0x00000000235de000 	/System/Library/PrivateFrameworks/login.framework/Versions/A/Frameworks/loginsupport.framework/Versions/A/loginsupport
0x00000000235de000 	/System/Library/PrivateFrameworks/TCC.framework/Versions/A/TCC
0x00000000235de000 	/usr/lib/libmecabra.dylib
0x00000000235de000 	/System/Library/Frameworks/ApplicationServices.framework/Versions/A/Frameworks/ATS.framework/Versions/A/ATS
0x00000000235de000 	/System/Library/Frameworks/ApplicationServices.framework/Versions/A/Frameworks/ColorSyncLegacy.framework/Versions/A/ColorSyncLegacy
0x00000000235de000 	/System/Library/Frameworks/ApplicationServices.framework/Versions/A/Frameworks/HIServices.framework/Versions/A/HIServices
0x00000000235de000 	/System/Library/Frameworks/ApplicationServices.framework/Versions/A/Frameworks/LangAnalysis.framework/Versions/A/LangAnalysis
0x00000000235de000 	/System/Library/Frameworks/ApplicationServices.framework/Versions/A/Frameworks/PrintCore.framework/Versions/A/PrintCore
0x00000000235de000 	/System/Library/Frameworks/ApplicationServices.framework/Versions/A/Frameworks/QD.framework/Versions/A/QD
0x00000000235de000 	/System/Library/Frameworks/ApplicationServices.framework/Versions/A/Frameworks/SpeechSynthesis.framework/Versions/A/SpeechSynthesis
0x00000000235de000 	/System/Library/Frameworks/CoreDisplay.framework/Versions/A/CoreDisplay
0x00000000235de000 	/System/Library/Frameworks/Accelerate.framework/Versions/A/Frameworks/vImage.framework/Versions/A/vImage
0x00000000235de000 	/System/Library/Frameworks/Accelerate.framework/Versions/A/Frameworks/vecLib.framework/Versions/A/vecLib
0x00000000235de000 	/System/Library/Frameworks/Accelerate.framework/Versions/A/Frameworks/vecLib.framework/Versions/A/libvDSP.dylib
0x00000000235de000 	/System/Library/Frameworks/Accelerate.framework/Versions/A/Frameworks/vecLib.framework/Versions/A/libBNNS.dylib
0x00000000235de000 	/System/Library/Frameworks/Accelerate.framework/Versions/A/Frameworks/vecLib.framework/Versions/A/libQuadrature.dylib
0x00000000235de000 	/System/Library/Frameworks/Accelerate.framework/Versions/A/Frameworks/vecLib.framework/Versions/A/libvMisc.dylib
0x00000000235de000 	/System/Library/Frameworks/Accelerate.framework/Versions/A/Frameworks/vecLib.framework/Versions/A/libLAPACK.dylib
0x00000000235de000 	/System/Library/Frameworks/Accelerate.framework/Versions/A/Frameworks/vecLib.framework/Versions/A/libBLAS.dylib
0x00000000235de000 	/System/Library/Frameworks/Accelerate.framework/Versions/A/Frameworks/vecLib.framework/Versions/A/libLinearAlgebra.dylib
0x00000000235de000 	/System/Library/Frameworks/Accelerate.framework/Versions/A/Frameworks/vecLib.framework/Versions/A/libSparse.dylib
0x00000000235de000 	/System/Library/Frameworks/Accelerate.framework/Versions/A/Frameworks/vecLib.framework/Versions/A/libSparseBLAS.dylib
0x00000000235de000 	/System/Library/PrivateFrameworks/GPUWrangler.framework/Versions/A/GPUWrangler
0x00000000235de000 	/System/Library/PrivateFrameworks/IOAccelerator.framework/Versions/A/IOAccelerator
0x00000000235de000 	/System/Library/PrivateFrameworks/IOPresentment.framework/Versions/A/IOPresentment
0x00000000235de000 	/System/Library/PrivateFrameworks/DSExternalDisplay.framework/Versions/A/DSExternalDisplay
0x00000000235de000 	/System/Library/Frameworks/OpenGL.framework/Versions/A/Libraries/libCoreFSCache.dylib
0x00000000235de000 	/System/Library/Frameworks/CoreVideo.framework/Versions/A/CoreVideo
0x00000000235de000 	/System/Library/PrivateFrameworks/GraphVisualizer.framework/Versions/A/GraphVisualizer
0x00000000235de000 	/System/Library/Frameworks/MetalPerformanceShaders.framework/Versions/A/MetalPerformanceShaders
0x00000000235de000 	/usr/lib/libFosl_dynamic.dylib
0x00000000235de000 	/System/Library/PrivateFrameworks/FaceCore.framework/Versions/A/FaceCore
0x00000000235de000 	/System/Library/Frameworks/OpenCL.framework/Versions/A/OpenCL
0x00000000235de000 	/usr/lib/libcompression.dylib
0x00000000235de000 	/System/Library/Frameworks/ApplicationServices.framework/Versions/A/Frameworks/ATS.framework/Versions/A/Resources/libFontParser.dylib
0x00000000235de000 	/System/Library/Frameworks/ApplicationServices.framework/Versions/A/Frameworks/ATS.framework/Versions/A/Resources/libFontRegistry.dylib
0x00000000235de000 	/System/Library/Frameworks/ImageIO.framework/Versions/A/Resources/libJPEG.dylib
0x00000000235de000 	/System/Library/Frameworks/ImageIO.framework/Versions/A/Resources/libTIFF.dylib
0x00000000235de000 	/System/Library/Frameworks/ImageIO.framework/Versions/A/Resources/libPng.dylib
0x00000000235de000 	/System/Library/Frameworks/ImageIO.framework/Versions/A/Resources/libGIF.dylib
0x00000000235de000 	/System/Library/Frameworks/ImageIO.framework/Versions/A/Resources/libJP2.dylib
0x00000000235de000 	/System/Library/Frameworks/ImageIO.framework/Versions/A/Resources/libRadiance.dylib
0x00000000235de000 	/System/Library/PrivateFrameworks/AppleJPEG.framework/Versions/A/AppleJPEG
0x00000000235de000 	/System/Library/Frameworks/MetalPerformanceShaders.framework/Frameworks/MPSCore.framework/Versions/A/MPSCore
0x00000000235de000 	/System/Library/Frameworks/MetalPerformanceShaders.framework/Frameworks/MPSImage.framework/Versions/A/MPSImage
0x00000000235de000 	/System/Library/Frameworks/MetalPerformanceShaders.framework/Frameworks/MPSNeuralNetwork.framework/Versions/A/MPSNeuralNetwork
0x00000000235de000 	/System/Library/Frameworks/MetalPerformanceShaders.framework/Frameworks/MPSMatrix.framework/Versions/A/MPSMatrix
0x00000000235de000 	/System/Library/PrivateFrameworks/MetalTools.framework/Versions/A/MetalTools
0x00000000235de000 	/System/Library/Frameworks/OpenGL.framework/Versions/A/Libraries/libGLU.dylib
0x00000000235de000 	/System/Library/Frameworks/OpenGL.framework/Versions/A/Libraries/libGFXShared.dylib
0x00000000235de000 	/System/Library/Frameworks/OpenGL.framework/Versions/A/Libraries/libGL.dylib
0x00000000235de000 	/System/Library/Frameworks/OpenGL.framework/Versions/A/Libraries/libGLImage.dylib
0x00000000235de000 	/System/Library/Frameworks/OpenGL.framework/Versions/A/Libraries/libCVMSPluginSupport.dylib
0x00000000235de000 	/System/Library/Frameworks/OpenGL.framework/Versions/A/Libraries/libCoreVMClient.dylib
0x00000000235de000 	/usr/lib/libcups.2.dylib
0x00000000235de000 	/System/Library/Frameworks/Kerberos.framework/Versions/A/Kerberos
0x00000000235de000 	/System/Library/Frameworks/GSS.framework/Versions/A/GSS
0x00000000235de000 	/usr/lib/libresolv.9.dylib
0x00000000235de000 	/usr/lib/libiconv.2.dylib
0x00000000235de000 	/System/Library/PrivateFrameworks/Heimdal.framework/Versions/A/Heimdal
0x00000000235de000 	/usr/lib/libheimdal-asn1.dylib
0x00000000235de000 	/System/Library/Frameworks/OpenDirectory.framework/Versions/A/OpenDirectory
0x00000000235de000 	/System/Library/PrivateFrameworks/CommonAuth.framework/Versions/A/CommonAuth
0x00000000235de000 	/System/Library/Frameworks/OpenDirectory.framework/Versions/A/Frameworks/CFOpenDirectory.framework/Versions/A/CFOpenDirectory
0x00000000235de000 	/System/Library/Frameworks/SecurityFoundation.framework/Versions/A/SecurityFoundation
0x00000000235de000 	/System/Library/PrivateFrameworks/APFS.framework/Versions/A/APFS
0x00000000235de000 	/usr/lib/libutil.dylib
0x00000000235de000 	/System/Library/PrivateFrameworks/AppleSauce.framework/Versions/A/AppleSauce
0x00000000235de000 	/System/Library/PrivateFrameworks/LinguisticData.framework/Versions/A/LinguisticData
0x00000000235de000 	/usr/lib/libmarisa.dylib
0x00000000235de000 	/System/Library/PrivateFrameworks/Lexicon.framework/Versions/A/Lexicon
0x00000000235de000 	/usr/lib/libChineseTokenizer.dylib
0x00000000235de000 	/usr/lib/libcmph.dylib
0x00000000235de000 	/System/Library/PrivateFrameworks/LanguageModeling.framework/Versions/A/LanguageModeling
0x00000000235de000 	/System/Library/PrivateFrameworks/CoreEmoji.framework/Versions/A/CoreEmoji
0x00000000235de000 	/System/Library/Frameworks/ServiceManagement.framework/Versions/A/ServiceManagement
0x00000000235de000 	/System/Library/PrivateFrameworks/BackgroundTaskManagement.framework/Versions/A/BackgroundTaskManagement
0x00000000235de000 	/usr/lib/libxslt.1.dylib
0x00000000235de000 	/System/Library/Frameworks/Carbon.framework/Versions/A/Frameworks/Ink.framework/Versions/A/Ink
0x00000000235de000 	/System/Library/PrivateFrameworks/TextureIO.framework/Versions/A/TextureIO
0x00000000235de000 	/usr/lib/libate.dylib
0x00000000235de000 	/System/Library/PrivateFrameworks/CrashReporterSupport.framework/Versions/A/CrashReporterSupport
0x00000000235de000 	/System/Library/PrivateFrameworks/Sharing.framework/Versions/A/Sharing
0x00000000235de000 	/System/Library/PrivateFrameworks/IconServices.framework/Versions/A/IconServices
0x00000000235de000 	/System/Library/PrivateFrameworks/Apple80211.framework/Versions/A/Apple80211
0x00000000235de000 	/System/Library/PrivateFrameworks/CoreUtils.framework/Versions/A/CoreUtils
0x00000000235de000 	/System/Library/Frameworks/CoreWLAN.framework/Versions/A/CoreWLAN
0x00000000235de000 	/System/Library/Frameworks/IOBluetooth.framework/Versions/A/IOBluetooth
0x00000000235de000 	/System/Library/PrivateFrameworks/ProtocolBuffer.framework/Versions/A/ProtocolBuffer
0x00000000235de000 	/System/Library/PrivateFrameworks/CoreWiFi.framework/Versions/A/CoreWiFi
0x00000000235de000 	/System/Library/Frameworks/CoreBluetooth.framework/Versions/A/CoreBluetooth
0x00000000235de000 	/System/Library/PrivateFrameworks/DebugSymbols.framework/Versions/A/DebugSymbols
0x00000000235de000 	/System/Library/PrivateFrameworks/CoreSymbolication.framework/Versions/A/CoreSymbolication
0x00000000235de000 	/System/Library/PrivateFrameworks/Symbolication.framework/Versions/A/Symbolication
0x00000000235de000 	/System/Library/PrivateFrameworks/AppleFSCompression.framework/Versions/A/AppleFSCompression
0x00000000235de000 	/System/Library/PrivateFrameworks/SpeechRecognitionCore.framework/Versions/A/SpeechRecognitionCore
0x000000010be00000 	/Library/Java/JavaVirtualMachines/jdk1.8.0_101.jdk/Contents/Home/jre/lib/server/libjvm.dylib
0x00000000235de000 	/usr/lib/libstdc++.6.0.9.dylib
0x000000010ad05000 	/Library/Java/JavaVirtualMachines/jdk1.8.0_101.jdk/Contents/Home/jre/lib/libverify.dylib
0x000000010ad13000 	/Library/Java/JavaVirtualMachines/jdk1.8.0_101.jdk/Contents/Home/jre/lib/libjava.dylib
0x000000010ad49000 	/Library/Java/JavaVirtualMachines/jdk1.8.0_101.jdk/Contents/Home/jre/lib/libjdwp.dylib
0x000000010ad94000 	/Library/Java/JavaVirtualMachines/jdk1.8.0_101.jdk/Contents/Home/jre/lib/libnpt.dylib
0x000000010ade1000 	/Library/Java/JavaVirtualMachines/jdk1.8.0_101.jdk/Contents/Home/jre/lib/libzip.dylib
0x00000000235de000 	/System/Library/Frameworks/JavaVM.framework/Versions/A/Frameworks/JavaRuntimeSupport.framework/Versions/A/JavaRuntimeSupport
0x00000000235de000 	/System/Library/Frameworks/JavaVM.framework/Versions/A/Frameworks/JavaNativeFoundation.framework/Versions/A/JavaNativeFoundation
0x00000000235de000 	/System/Library/Frameworks/JavaVM.framework/Versions/A/JavaVM
0x00000000235de000 	/System/Library/Frameworks/Carbon.framework/Versions/A/Carbon
0x00000000235de000 	/System/Library/PrivateFrameworks/JavaLaunching.framework/Versions/A/JavaLaunching
0x00000000235de000 	/System/Library/Frameworks/Carbon.framework/Versions/A/Frameworks/CommonPanels.framework/Versions/A/CommonPanels
0x00000000235de000 	/System/Library/Frameworks/Carbon.framework/Versions/A/Frameworks/Help.framework/Versions/A/Help
0x00000000235de000 	/System/Library/Frameworks/Carbon.framework/Versions/A/Frameworks/ImageCapture.framework/Versions/A/ImageCapture
0x00000000235de000 	/System/Library/Frameworks/Carbon.framework/Versions/A/Frameworks/OpenScripting.framework/Versions/A/OpenScripting
0x00000000235de000 	/System/Library/Frameworks/Carbon.framework/Versions/A/Frameworks/Print.framework/Versions/A/Print
0x00000000235de000 	/System/Library/Frameworks/Carbon.framework/Versions/A/Frameworks/SecurityHI.framework/Versions/A/SecurityHI
0x000000010adf3000 	/Library/Java/JavaVirtualMachines/jdk1.8.0_101.jdk/Contents/Home/jre/lib/libdt_socket.dylib
0x000000012a4db000 	/Library/Java/JavaVirtualMachines/jdk1.8.0_101.jdk/Contents/Home/jre/lib/libmanagement.dylib
0x000000012a6e9000 	/Library/Java/JavaVirtualMachines/jdk1.8.0_101.jdk/Contents/Home/jre/lib/libosx.dylib
0x000000012a6f7000 	/Library/Java/JavaVirtualMachines/jdk1.8.0_101.jdk/Contents/Home/jre/lib/./libosxapp.dylib
0x00000000235de000 	/System/Library/Frameworks/ExceptionHandling.framework/Versions/A/ExceptionHandling
0x000000012ab06000 	/Library/Java/JavaVirtualMachines/jdk1.8.0_101.jdk/Contents/Home/jre/lib/libjaas_unix.dylib
0x000000012ad3a000 	/Library/Java/JavaVirtualMachines/jdk1.8.0_101.jdk/Contents/Home/jre/lib/libnet.dylib
0x000000012a0f2000 	/Library/Java/JavaVirtualMachines/jdk1.8.0_101.jdk/Contents/Home/jre/lib/libnio.dylib
0x000000012a022000 	/private/var/folders/h3/y7bgj1h176n0508v8xx03kpr0grxdy/T/liblz4-java3132724684033166328.dylib

VM Arguments:
jvm_args: -agentlib:jdwp=transport=dt_socket,suspend=y,address=localhost:51796 -Dfile.encoding=UTF-8 
java_command: com.reservation.spark.UserPaymentFailureJobBatch
java_class_path (initial): /Users/srawat1/Documents/ebooks/MissionATier/BusBooking/target/classes:/Users/srawat1/.m2/repository/org/apache/kafka/kafka-clients/1.0.0-cp1/kafka-clients-1.0.0-cp1.jar:/Users/srawat1/.m2/repository/org/lz4/lz4-java/1.4/lz4-java-1.4.jar:/Users/srawat1/.m2/repository/org/xerial/snappy/snappy-java/1.1.4/snappy-java-1.1.4.jar:/Users/srawat1/.m2/repository/org/slf4j/slf4j-api/1.7.25/slf4j-api-1.7.25.jar:/Users/srawat1/.m2/repository/org/slf4j/slf4j-log4j12/1.7.21/slf4j-log4j12-1.7.21.jar:/Users/srawat1/.m2/repository/log4j/log4j/1.2.17/log4j-1.2.17.jar:/Users/srawat1/.m2/repository/org/apache/spark/spark-core_2.11/2.1.1/spark-core_2.11-2.1.1.jar:/Users/srawat1/.m2/repository/org/apache/avro/avro-mapred/1.7.7/avro-mapred-1.7.7-hadoop2.jar:/Users/srawat1/.m2/repository/org/apache/avro/avro-ipc/1.7.7/avro-ipc-1.7.7.jar:/Users/srawat1/.m2/repository/org/apache/avro/avro/1.7.7/avro-1.7.7.jar:/Users/srawat1/.m2/repository/org/apache/avro/avro-ipc/1.7.7/avro-ipc-1.7.7-tests.jar:/Users/srawat1/.m2/repository/org/codehaus/jackson/jackson-core-asl/1.9.13/jackson-core-asl-1.9.13.jar:/Users/srawat1/.m2/repository/org/codehaus/jackson/jackson-mapper-asl/1.9.13/jackson-mapper-asl-1.9.13.jar:/Users/srawat1/.m2/repository/com/twitter/chill_2.11/0.8.0/chill_2.11-0.8.0.jar:/Users/srawat1/.m2/repository/com/esotericsoftware/kryo-shaded/3.0.3/kryo-shaded-3.0.3.jar:/Users/srawat1/.m2/repository/com/esotericsoftware/minlog/1.3.0/minlog-1.3.0.jar:/Users/srawat1/.m2/repository/org/objenesis/objenesis/2.1/objenesis-2.1.jar:/Users/srawat1/.m2/repository/com/twitter/chill-java/0.8.0/chill-java-0.8.0.jar:/Users/srawat1/.m2/repository/org/apache/xbean/xbean-asm5-shaded/4.4/xbean-asm5-shaded-4.4.jar:/Users/srawat1/.m2/repository/org/apache/hadoop/hadoop-client/2.2.0/hadoop-client-2.2.0.jar:/Users/srawat1/.m2/repository/org/apache/hadoop/hadoop-common/2.2.0/hadoop-common-2.2.0.jar:/Users/srawat1/.m2/repository/commons-cli/commons-cli/1.2/commons-cli-1.2.jar:/Users/srawat
Launcher Type: SUN_STANDARD

Environment Variables:
PATH=/usr/bin:/bin:/usr/sbin:/sbin
SHELL=/bin/bash

Signal Handlers:
SIGSEGV: [libjvm.dylib+0x5af145], sa_mask[0]=11111111011111110111111111111111, sa_flags=SA_ONSTACK|SA_RESTART|SA_SIGINFO
SIGBUS: [libjvm.dylib+0x5af145], sa_mask[0]=11111111011111110111111111111111, sa_flags=SA_RESTART|SA_SIGINFO
SIGFPE: [libjvm.dylib+0x48694c], sa_mask[0]=11111111011111110111111111111111, sa_flags=SA_RESTART|SA_SIGINFO
SIGPIPE: [libjvm.dylib+0x48694c], sa_mask[0]=11111111011111110111111111111111, sa_flags=SA_RESTART|SA_SIGINFO
SIGXFSZ: [libjvm.dylib+0x48694c], sa_mask[0]=11111111011111110111111111111111, sa_flags=SA_RESTART|SA_SIGINFO
SIGILL: [libjvm.dylib+0x48694c], sa_mask[0]=11111111011111110111111111111111, sa_flags=SA_RESTART|SA_SIGINFO
SIGUSR1: SIG_DFL, sa_mask[0]=00000000000000000000000000000000, sa_flags=none
SIGUSR2: [libjvm.dylib+0x48646a], sa_mask[0]=00100000000000000000000000000000, sa_flags=SA_RESTART|SA_SIGINFO
SIGHUP: [libjvm.dylib+0x484a41], sa_mask[0]=11111111011111110111111111111111, sa_flags=SA_RESTART|SA_SIGINFO
SIGINT: [libjvm.dylib+0x484a41], sa_mask[0]=11111111011111110111111111111111, sa_flags=SA_RESTART|SA_SIGINFO
SIGTERM: [libjvm.dylib+0x484a41], sa_mask[0]=11111111011111110111111111111111, sa_flags=SA_RESTART|SA_SIGINFO
SIGQUIT: [libjvm.dylib+0x484a41], sa_mask[0]=11111111011111110111111111111111, sa_flags=SA_RESTART|SA_SIGINFO


---------------  S Y S T E M  ---------------

OS:Bsduname:Darwin 17.5.0 Darwin Kernel Version 17.5.0: Fri Apr 13 19:32:32 PDT 2018; root:xnu-4570.51.2~1/RELEASE_X86_64 x86_64
rlimit: STACK 8192k, CORE 0k, NPROC 1418, NOFILE 10240, AS infinity
load average:3.60 2.78 2.57

CPU:total 8 (4 cores per cpu, 2 threads per core) family 6 model 70 stepping 1, cmov, cx8, fxsr, mmx, sse, sse2, sse3, ssse3, sse4.1, sse4.2, popcnt, avx, avx2, aes, clmul, erms, lzcnt, ht, tsc, tscinvbit, bmi1, bmi2

Memory: 4k page, physical 16777216k(81244k free)

/proc/meminfo:


vm_info: Java HotSpot(TM) 64-Bit Server VM (25.101-b13) for bsd-amd64 JRE (1.8.0_101-b13), built on Jun 22 2016 02:42:15 by "java_re" with gcc 4.2.1 (Based on Apple Inc. build 5658) (LLVM build 2336.11.00)

time: Thu Sep 13 14:49:57 2018
elapsed time: 420 seconds (0d 0h 7m 0s)

